Log file open, 04/18/20 09:35:31
LogWindows: Failed to load 'aqProf.dll' (GetLastError=126)
LogWindows: File 'aqProf.dll' does not exist
LogWindows: Failed to load 'VtuneApi.dll' (GetLastError=126)
LogWindows: File 'VtuneApi.dll' does not exist
LogWindows: Failed to load 'VtuneApi32e.dll' (GetLastError=126)
LogWindows: File 'VtuneApi32e.dll' does not exist
LogConsoleResponse: Display: Failed to find resolution value strings in scalability ini. Falling back to default.
LogInit: Display: Running engine for game: Mob_Mentality
LogPlatformFile: Not using cached read wrapper
LogTaskGraph: Started task graph with 5 named threads and 20 total threads with 3 sets of task threads.
LogStats: Stats thread started at 0.098090
LogD3D11RHI: Loaded GFSDK_Aftermath_Lib.x64.dll
LogICUInternationalization: ICU TimeZone Detection - Raw Offset: -5:00, Platform Override: ''
LogPluginManager: Mounting plugin Paper2D
LogPluginManager: Mounting plugin AISupport
LogPluginManager: Mounting plugin LightPropagationVolume
LogPluginManager: Mounting plugin ActorLayerUtilities
LogPluginManager: Mounting plugin AnimationSharing
LogPluginManager: Mounting plugin CLionSourceCodeAccess
LogPluginManager: Mounting plugin CodeLiteSourceCodeAccess
LogPluginManager: Mounting plugin GitSourceControl
LogPluginManager: Mounting plugin KDevelopSourceCodeAccess
LogPluginManager: Mounting plugin NullSourceCodeAccess
LogPluginManager: Mounting plugin PerforceSourceControl
LogPluginManager: Mounting plugin PlasticSourceControl
LogPluginManager: Mounting plugin SubversionSourceControl
LogPluginManager: Mounting plugin UObjectPlugin
LogPluginManager: Mounting plugin VisualStudioCodeSourceCodeAccess
LogPluginManager: Mounting plugin VisualStudioSourceCodeAccess
LogPluginManager: Mounting plugin XCodeSourceCodeAccess
LogPluginManager: Mounting plugin AssetManagerEditor
LogPluginManager: Mounting plugin CryptoKeys
LogPluginManager: Mounting plugin CurveEditorTools
LogPluginManager: Mounting plugin DataValidation
LogPluginManager: Mounting plugin FacialAnimation
LogPluginManager: Mounting plugin GameplayTagsEditor
LogPluginManager: Mounting plugin MacGraphicsSwitching
LogPluginManager: Mounting plugin MaterialAnalyzer
LogPluginManager: Mounting plugin MobileLauncherProfileWizard
LogPluginManager: Mounting plugin PluginBrowser
LogPluginManager: Mounting plugin SpeedTreeImporter
LogPluginManager: Mounting plugin DatasmithContent
LogPluginManager: Mounting plugin VariantManagerContent
LogPluginManager: Mounting plugin AlembicImporter
LogPluginManager: Mounting plugin AutomationUtils
LogPluginManager: Mounting plugin BackChannel
LogPluginManager: Mounting plugin CharacterAI
LogPluginManager: Mounting plugin GeometryCache
LogPluginManager: Mounting plugin PlatformCrypto
LogPluginManager: Mounting plugin ProxyLODPlugin
LogPluginManager: Mounting plugin SkeletalReduction
LogPluginManager: Mounting plugin MagicLeap
LogPluginManager: Mounting plugin MagicLeapMedia
LogPluginManager: Mounting plugin MLSDK
LogPluginManager: Mounting plugin AndroidMedia
LogPluginManager: Mounting plugin AvfMedia
LogPluginManager: Mounting plugin ImgMedia
LogPluginManager: Mounting plugin MediaCompositing
LogPluginManager: Mounting plugin MediaPlayerEditor
LogPluginManager: Mounting plugin WebMMedia
LogPluginManager: Mounting plugin WmfMedia
LogPluginManager: Mounting plugin TcpMessaging
LogPluginManager: Mounting plugin UdpMessaging
LogPluginManager: Mounting plugin ActorSequence
LogPluginManager: Mounting plugin LevelSequenceEditor
LogPluginManager: Mounting plugin MatineeToLevelSequence
LogPluginManager: Mounting plugin NetcodeUnitTest
LogPluginManager: Mounting plugin NUTUnrealEngine4
LogPluginManager: Mounting plugin OnlineSubsystemGooglePlay
LogPluginManager: Mounting plugin OnlineSubsystemIOS
LogPluginManager: Mounting plugin OnlineSubsystem
LogPluginManager: Mounting plugin OnlineSubsystemNull
LogPluginManager: Mounting plugin OnlineSubsystemUtils
LogPluginManager: Mounting plugin LauncherChunkInstaller
LogPluginManager: Mounting plugin AndroidDeviceProfileSelector
LogPluginManager: Mounting plugin AndroidMoviePlayer
LogPluginManager: Mounting plugin AndroidPermission
LogPluginManager: Mounting plugin AppleImageUtils
LogPluginManager: Mounting plugin AppleMoviePlayer
LogPluginManager: Mounting plugin ArchVisCharacter
LogPluginManager: Mounting plugin AssetTags
LogPluginManager: Mounting plugin AudioCapture
LogPluginManager: Mounting plugin CableComponent
LogPluginManager: Mounting plugin CustomMeshComponent
LogPluginManager: Mounting plugin EditableMesh
LogPluginManager: Mounting plugin ExampleDeviceProfileSelector
LogPluginManager: Mounting plugin GoogleCloudMessaging
LogPluginManager: Mounting plugin IOSDeviceProfileSelector
LogPluginManager: Mounting plugin LinuxDeviceProfileSelector
LogPluginManager: Mounting plugin LocationServicesBPLibrary
LogPluginManager: Mounting plugin MobilePatchingUtils
LogPluginManager: Mounting plugin OculusVR
LogPluginManager: Mounting plugin PhysXVehicles
LogPluginManager: Mounting plugin PostSplashScreen
LogPluginManager: Mounting plugin ProceduralMeshComponent
LogPluginManager: Mounting plugin RuntimePhysXCooking
LogPluginManager: Mounting plugin SignificanceManager
LogPluginManager: Mounting plugin SteamVR
LogPluginManager: Mounting plugin WebMMoviePlayer
LogPluginManager: Mounting plugin WindowsMoviePlayer
LogPluginManager: Mounting plugin ScreenshotTools
LogInit: Using libcurl 7.55.1-DEV
LogInit:  - built for x86_64-pc-win32
LogInit:  - supports SSL with OpenSSL/1.1.1
LogInit:  - supports HTTP deflate (compression) using libz 1.2.8
LogInit:  - other features:
LogInit:      CURL_VERSION_SSL
LogInit:      CURL_VERSION_LIBZ
LogInit:      CURL_VERSION_IPV6
LogInit:      CURL_VERSION_ASYNCHDNS
LogInit:      CURL_VERSION_LARGEFILE
LogInit:      CURL_VERSION_IDN
LogInit:  CurlRequestOptions (configurable via config and command line):
LogInit:  - bVerifyPeer = true  - Libcurl will verify peer certificate
LogInit:  - bUseHttpProxy = false  - Libcurl will NOT use HTTP proxy
LogInit:  - bDontReuseConnections = false  - Libcurl will reuse connections
LogInit:  - MaxHostConnections = 16  - Libcurl will limit the number of connections to a host
LogInit:  - LocalHostAddr = Default
LogInit:  - BufferSize = 65536
LogOnline: OSS: Creating online subsystem instance for: NULL
LogInit: WinSock: version 1.1 (2.2), MaxSocks=32767, MaxUdp=65467
LogOnline: OSS: TryLoadSubsystemAndSetDefault: Loaded subsystem for module [NULL]
LogInit: Build: ++UE4+Release-4.24-CL-11590370
LogInit: Engine Version: 4.24.3-11590370+++UE4+Release-4.24
LogInit: Compatible Engine Version: 4.24.0-10570792+++UE4+Release-4.24
LogInit: Net CL: 10570792
LogInit: OS: Windows 10 (Release 1809) (), CPU: Intel(R) Core(TM) i5-9400F CPU @ 2.90GHz, GPU: NVIDIA GeForce GTX 1650
LogInit: Compiled (64-bit): Feb 24 2020 15:39:18
LogInit: Compiled with Visual C++: 19.16.27032.01
LogInit: Build Configuration: Development
LogInit: Branch Name: ++UE4+Release-4.24
LogInit: Command Line: 
LogInit: Base Directory: C:/Program Files/Epic Games/UE_4.24/Engine/Binaries/Win64/
LogInit: Installed Engine Build: 1
LogDevObjectVersion: Number of dev versions registered: 25
LogDevObjectVersion:   Dev-Blueprints (B0D832E4-1F89-4F0D-ACCF-7EB736FD4AA2): 10
LogDevObjectVersion:   Dev-Build (E1C64328-A22C-4D53-A36C-8E866417BD8C): 0
LogDevObjectVersion:   Dev-Core (375EC13C-06E4-48FB-B500-84F0262A717E): 3
LogDevObjectVersion:   Dev-Editor (E4B068ED-F494-42E9-A231-DA0B2E46BB41): 37
LogDevObjectVersion:   Dev-Framework (CFFC743F-43B0-4480-9391-14DF171D2073): 36
LogDevObjectVersion:   Dev-Mobile (B02B49B5-BB20-44E9-A304-32B752E40360): 2
LogDevObjectVersion:   Dev-Networking (A4E4105C-59A1-49B5-A7C5-40C4547EDFEE): 0
LogDevObjectVersion:   Dev-Online (39C831C9-5AE6-47DC-9A44-9C173E1C8E7C): 0
LogDevObjectVersion:   Dev-Physics (78F01B33-EBEA-4F98-B9B4-84EACCB95AA2): 2
LogDevObjectVersion:   Dev-Platform (6631380F-2D4D-43E0-8009-CF276956A95A): 0
LogDevObjectVersion:   Dev-Rendering (12F88B9F-8875-4AFC-A67C-D90C383ABD29): 36
LogDevObjectVersion:   Dev-Sequencer (7B5AE74C-D270-4C10-A958-57980B212A5A): 11
LogDevObjectVersion:   Dev-VR (D7296918-1DD6-4BDD-9DE2-64A83CC13884): 2
LogDevObjectVersion:   Dev-LoadTimes (C2A15278-BFE7-4AFE-6C17-90FF531DF755): 1
LogDevObjectVersion:   Private-Geometry (6EACA3D4-40EC-4CC1-B786-8BED09428FC5): 3
LogDevObjectVersion:   Dev-AnimPhys (29E575DD-E0A3-4627-9D10-D276232CDCEA): 17
LogDevObjectVersion:   Dev-Anim (AF43A65D-7FD3-4947-9873-3E8ED9C1BB05): 2
LogDevObjectVersion:   Dev-ReflectionCapture (6B266CEC-1EC7-4B8F-A30B-E4D90942FC07): 1
LogDevObjectVersion:   Dev-Automation (0DF73D61-A23F-47EA-B727-89E90C41499A): 1
LogDevObjectVersion:   FortniteMain (601D1886-AC64-4F84-AA16-D3DE0DEAC7D6): 31
LogDevObjectVersion:   Dev-Enterprise (9DFFBCD6-494F-0158-E221-12823C92A888): 8
LogDevObjectVersion:   Dev-Niagara (F2AED0AC-9AFE-416F-8664-AA7FFA26D6FC): 1
LogDevObjectVersion:   Dev-Destruction (174F1F0B-B4C6-45A5-B13F-2EE8D0FB917D): 9
LogDevObjectVersion:   Dev-Physics-Ext (35F94A83-E258-406C-A318-09F59610247C): 8
LogDevObjectVersion:   Dev-CineCamera (B2E18506-4273-CFC2-A54E-F4BB758BBA07): 1
LogInit: Presizing for max 25165824 objects, including 0 objects not considered by GC, pre-allocating 0 bytes for permanent pool.
LogInit: Object subsystem initialized
LogConfig: Setting CVar [[con.DebugEarlyDefault:1]]
LogConfig: Setting CVar [[r.setres:1280x720]]
[2020.04.18-13.35.31:869][  0]LogConfig: Setting CVar [[r.VSync:0]]
[2020.04.18-13.35.31:869][  0]LogConfig: Setting CVar [[r.RHICmdBypass:0]]
[2020.04.18-13.35.31:869][  0]LogConfig: Applying CVar settings from Section [/Script/Engine.RendererSettings] File [C:/Users/Letholor/Documents/Unreal Projects/Mob_Mentality/Saved/Config/Windows/Engine.ini]
[2020.04.18-13.35.31:869][  0]LogConfig: Setting CVar [[r.GPUCrashDebugging:0]]
[2020.04.18-13.35.31:869][  0]LogConfig: Applying CVar settings from Section [/Script/Engine.RendererOverrideSettings] File [C:/Users/Letholor/Documents/Unreal Projects/Mob_Mentality/Saved/Config/Windows/Engine.ini]
[2020.04.18-13.35.31:869][  0]LogConfig: Applying CVar settings from Section [/Script/Engine.StreamingSettings] File [C:/Users/Letholor/Documents/Unreal Projects/Mob_Mentality/Saved/Config/Windows/Engine.ini]
[2020.04.18-13.35.31:869][  0]LogConfig: Setting CVar [[s.MinBulkDataSizeForAsyncLoading:131072]]
[2020.04.18-13.35.31:869][  0]LogConfig: Setting CVar [[s.AsyncLoadingThreadEnabled:0]]
[2020.04.18-13.35.31:869][  0]LogConfig: Setting CVar [[s.EventDrivenLoaderEnabled:1]]
[2020.04.18-13.35.31:869][  0]LogConfig: Setting CVar [[s.WarnIfTimeLimitExceeded:0]]
[2020.04.18-13.35.31:869][  0]LogConfig: Setting CVar [[s.TimeLimitExceededMultiplier:1.5]]
[2020.04.18-13.35.31:869][  0]LogConfig: Setting CVar [[s.TimeLimitExceededMinTime:0.005]]
[2020.04.18-13.35.31:869][  0]LogConfig: Setting CVar [[s.UseBackgroundLevelStreaming:1]]
[2020.04.18-13.35.31:869][  0]LogConfig: Setting CVar [[s.PriorityAsyncLoadingExtraTime:15.0]]
[2020.04.18-13.35.31:869][  0]LogConfig: Setting CVar [[s.LevelStreamingActorsUpdateTimeLimit:5.0]]
[2020.04.18-13.35.31:869][  0]LogConfig: Setting CVar [[s.PriorityLevelStreamingActorsUpdateExtraTime:5.0]]
[2020.04.18-13.35.31:869][  0]LogConfig: Setting CVar [[s.LevelStreamingComponentsRegistrationGranularity:10]]
[2020.04.18-13.35.31:869][  0]LogConfig: Setting CVar [[s.UnregisterComponentsTimeLimit:1.0]]
[2020.04.18-13.35.31:870][  0]LogConfig: Setting CVar [[s.LevelStreamingComponentsUnregistrationGranularity:5]]
[2020.04.18-13.35.31:870][  0]LogConfig: Setting CVar [[s.FlushStreamingOnExit:1]]
[2020.04.18-13.35.31:870][  0]LogConfig: Applying CVar settings from Section [/Script/Engine.GarbageCollectionSettings] File [C:/Users/Letholor/Documents/Unreal Projects/Mob_Mentality/Saved/Config/Windows/Engine.ini]
[2020.04.18-13.35.31:870][  0]LogConfig: Setting CVar [[gc.MaxObjectsNotConsideredByGC:1]]
[2020.04.18-13.35.31:870][  0]LogConfig: Setting CVar [[gc.SizeOfPermanentObjectPool:0]]
[2020.04.18-13.35.31:870][  0]LogConfig: Setting CVar [[gc.FlushStreamingOnGC:0]]
[2020.04.18-13.35.31:870][  0]LogConfig: Setting CVar [[gc.NumRetriesBeforeForcingGC:10]]
[2020.04.18-13.35.31:870][  0]LogConfig: Setting CVar [[gc.AllowParallelGC:1]]
[2020.04.18-13.35.31:870][  0]LogConfig: Setting CVar [[gc.TimeBetweenPurgingPendingKillObjects:61.1]]
[2020.04.18-13.35.31:870][  0]LogConfig: Setting CVar [[gc.MaxObjectsInEditor:25165824]]
[2020.04.18-13.35.31:870][  0]LogConfig: Setting CVar [[gc.IncrementalBeginDestroyEnabled:1]]
[2020.04.18-13.35.31:870][  0]LogConfig: Setting CVar [[gc.CreateGCClusters:1]]
[2020.04.18-13.35.31:870][  0]LogConfig: Setting CVar [[gc.MinGCClusterSize:5]]
[2020.04.18-13.35.31:870][  0]LogConfig: Setting CVar [[gc.ActorClusteringEnabled:0]]
[2020.04.18-13.35.31:870][  0]LogConfig: Setting CVar [[gc.BlueprintClusteringEnabled:0]]
[2020.04.18-13.35.31:870][  0]LogConfig: Setting CVar [[gc.UseDisregardForGCOnDedicatedServers:0]]
[2020.04.18-13.35.31:870][  0]LogConfig: Applying CVar settings from Section [/Script/Engine.NetworkSettings] File [C:/Users/Letholor/Documents/Unreal Projects/Mob_Mentality/Saved/Config/Windows/Engine.ini]
[2020.04.18-13.35.31:870][  0]LogConfig: Applying CVar settings from Section [/Script/UnrealEd.CookerSettings] File [C:/Users/Letholor/Documents/Unreal Projects/Mob_Mentality/Saved/Config/Windows/Engine.ini]
[2020.04.18-13.35.31:873][  0]LogConfig: Applying CVar settings from Section [ViewDistanceQuality@3] File [C:/Users/Letholor/Documents/Unreal Projects/Mob_Mentality/Saved/Config/Windows/Scalability.ini]
[2020.04.18-13.35.31:873][  0]LogConfig: Setting CVar [[r.SkeletalMeshLODBias:0]]
[2020.04.18-13.35.31:873][  0]LogConfig: Setting CVar [[r.ViewDistanceScale:1.0]]
[2020.04.18-13.35.31:873][  0]LogConfig: Applying CVar settings from Section [AntiAliasingQuality@3] File [C:/Users/Letholor/Documents/Unreal Projects/Mob_Mentality/Saved/Config/Windows/Scalability.ini]
[2020.04.18-13.35.31:873][  0]LogConfig: Setting CVar [[r.PostProcessAAQuality:4]]
[2020.04.18-13.35.31:873][  0]LogConfig: Applying CVar settings from Section [ShadowQuality@3] File [C:/Users/Letholor/Documents/Unreal Projects/Mob_Mentality/Saved/Config/Windows/Scalability.ini]
[2020.04.18-13.35.31:873][  0]LogConfig: Setting CVar [[r.LightFunctionQuality:1]]
[2020.04.18-13.35.31:873][  0]LogConfig: Setting CVar [[r.ShadowQuality:5]]
[2020.04.18-13.35.31:873][  0]LogConfig: Setting CVar [[r.Shadow.CSM.MaxCascades:10]]
[2020.04.18-13.35.31:873][  0]LogConfig: Setting CVar [[r.Shadow.MaxResolution:2048]]
[2020.04.18-13.35.31:873][  0]LogConfig: Setting CVar [[r.Shadow.MaxCSMResolution:2048]]
[2020.04.18-13.35.31:873][  0]LogConfig: Setting CVar [[r.Shadow.RadiusThreshold:0.01]]
[2020.04.18-13.35.31:873][  0]LogConfig: Setting CVar [[r.Shadow.DistanceScale:1.0]]
[2020.04.18-13.35.31:873][  0]LogConfig: Setting CVar [[r.Shadow.CSM.TransitionScale:1.0]]
[2020.04.18-13.35.31:873][  0]LogConfig: Setting CVar [[r.Shadow.PreShadowResolutionFactor:1.0]]
[2020.04.18-13.35.31:873][  0]LogConfig: Setting CVar [[r.DistanceFieldShadowing:1]]
[2020.04.18-13.35.31:873][  0]LogConfig: Setting CVar [[r.DistanceFieldAO:1]]
[2020.04.18-13.35.31:873][  0]LogConfig: Setting CVar [[r.AOQuality:2]]
[2020.04.18-13.35.31:873][  0]LogConfig: Setting CVar [[r.VolumetricFog:1]]
[2020.04.18-13.35.31:873][  0]LogConfig: Setting CVar [[r.VolumetricFog.GridPixelSize:8]]
[2020.04.18-13.35.31:873][  0]LogConfig: Setting CVar [[r.VolumetricFog.GridSizeZ:128]]
[2020.04.18-13.35.31:873][  0]LogConfig: Setting CVar [[r.VolumetricFog.HistoryMissSupersampleCount:4]]
[2020.04.18-13.35.31:873][  0]LogConfig: Setting CVar [[r.LightMaxDrawDistanceScale:1]]
[2020.04.18-13.35.31:873][  0]LogConfig: Setting CVar [[r.CapsuleShadows:1]]
[2020.04.18-13.35.31:873][  0]LogConfig: Applying CVar settings from Section [PostProcessQuality@3] File [C:/Users/Letholor/Documents/Unreal Projects/Mob_Mentality/Saved/Config/Windows/Scalability.ini]
[2020.04.18-13.35.31:873][  0]LogConfig: Setting CVar [[r.MotionBlurQuality:4]]
[2020.04.18-13.35.31:873][  0]LogConfig: Setting CVar [[r.AmbientOcclusionMipLevelFactor:0.4]]
[2020.04.18-13.35.31:873][  0]LogConfig: Setting CVar [[r.AmbientOcclusionMaxQuality:100]]
[2020.04.18-13.35.31:873][  0]LogConfig: Setting CVar [[r.AmbientOcclusionLevels:-1]]
[2020.04.18-13.35.31:873][  0]LogConfig: Setting CVar [[r.AmbientOcclusionRadiusScale:1.0]]
[2020.04.18-13.35.31:873][  0]LogConfig: Setting CVar [[r.DepthOfFieldQuality:2]]
[2020.04.18-13.35.31:873][  0]LogConfig: Setting CVar [[r.RenderTargetPoolMin:400]]
[2020.04.18-13.35.31:873][  0]LogConfig: Setting CVar [[r.LensFlareQuality:2]]
[2020.04.18-13.35.31:873][  0]LogConfig: Setting CVar [[r.SceneColorFringeQuality:1]]
[2020.04.18-13.35.31:873][  0]LogConfig: Setting CVar [[r.EyeAdaptationQuality:2]]
[2020.04.18-13.35.31:873][  0]LogConfig: Setting CVar [[r.BloomQuality:5]]
[2020.04.18-13.35.31:873][  0]LogConfig: Setting CVar [[r.FastBlurThreshold:100]]
[2020.04.18-13.35.31:873][  0]LogConfig: Setting CVar [[r.Upscale.Quality:3]]
[2020.04.18-13.35.31:873][  0]LogConfig: Setting CVar [[r.Tonemapper.GrainQuantization:1]]
[2020.04.18-13.35.31:873][  0]LogConfig: Setting CVar [[r.LightShaftQuality:1]]
[2020.04.18-13.35.31:873][  0]LogConfig: Setting CVar [[r.Filter.SizeScale:1]]
[2020.04.18-13.35.31:873][  0]LogConfig: Setting CVar [[r.Tonemapper.Quality:5]]
[2020.04.18-13.35.31:873][  0]LogConfig: Setting CVar [[r.DOF.Gather.AccumulatorQuality:1        ; higher gathering accumulator quality]]
[2020.04.18-13.35.31:873][  0]LogConfig: Setting CVar [[r.DOF.Gather.PostfilterMethod:1          ; Median3x3 postfilering method]]
[2020.04.18-13.35.31:873][  0]LogConfig: Setting CVar [[r.DOF.Gather.EnableBokehSettings:0       ; no bokeh simulation when gathering]]
[2020.04.18-13.35.31:873][  0]LogConfig: Setting CVar [[r.DOF.Gather.RingCount:4                 ; medium number of samples when gathering]]
[2020.04.18-13.35.31:873][  0]LogConfig: Setting CVar [[r.DOF.Scatter.ForegroundCompositing:1    ; additive foreground scattering]]
[2020.04.18-13.35.31:873][  0]LogConfig: Setting CVar [[r.DOF.Scatter.BackgroundCompositing:2    ; additive background scattering]]
[2020.04.18-13.35.31:873][  0]LogConfig: Setting CVar [[r.DOF.Scatter.EnableBokehSettings:1      ; bokeh simulation when scattering]]
[2020.04.18-13.35.31:873][  0]LogConfig: Setting CVar [[r.DOF.Scatter.MaxSpriteRatio:0.1         ; only a maximum of 10% of scattered bokeh]]
[2020.04.18-13.35.31:873][  0]LogConfig: Setting CVar [[r.DOF.Recombine.Quality:1                ; cheap slight out of focus]]
[2020.04.18-13.35.31:873][  0]LogConfig: Setting CVar [[r.DOF.Recombine.EnableBokehSettings:0    ; no bokeh simulation on slight out of focus]]
[2020.04.18-13.35.31:873][  0]LogConfig: Setting CVar [[r.DOF.TemporalAAQuality:1                ; more stable temporal accumulation]]
[2020.04.18-13.35.31:873][  0]LogConfig: Setting CVar [[r.DOF.Kernel.MaxForegroundRadius:0.025]]
[2020.04.18-13.35.31:873][  0]LogConfig: Setting CVar [[r.DOF.Kernel.MaxBackgroundRadius:0.025]]
[2020.04.18-13.35.31:873][  0]LogConfig: Applying CVar settings from Section [TextureQuality@3] File [C:/Users/Letholor/Documents/Unreal Projects/Mob_Mentality/Saved/Config/Windows/Scalability.ini]
[2020.04.18-13.35.31:873][  0]LogConfig: Setting CVar [[r.Streaming.MipBias:0]]
[2020.04.18-13.35.31:873][  0]LogConfig: Setting CVar [[r.Streaming.AmortizeCPUToGPUCopy:0]]
[2020.04.18-13.35.31:874][  0]LogConfig: Setting CVar [[r.Streaming.MaxNumTexturesToStreamPerFrame:0]]
[2020.04.18-13.35.31:874][  0]LogConfig: Setting CVar [[r.Streaming.Boost:1]]
[2020.04.18-13.35.31:874][  0]LogConfig: Setting CVar [[r.MaxAnisotropy:8]]
[2020.04.18-13.35.31:874][  0]LogConfig: Setting CVar [[r.VT.MaxAnisotropy:8]]
[2020.04.18-13.35.31:874][  0]LogConfig: Setting CVar [[r.Streaming.LimitPoolSizeToVRAM:0]]
[2020.04.18-13.35.31:874][  0]LogConfig: Setting CVar [[r.Streaming.PoolSize:1000]]
[2020.04.18-13.35.31:874][  0]LogConfig: Setting CVar [[r.Streaming.MaxEffectiveScreenSize:0]]
[2020.04.18-13.35.31:874][  0]LogConfig: Applying CVar settings from Section [EffectsQuality@3] File [C:/Users/Letholor/Documents/Unreal Projects/Mob_Mentality/Saved/Config/Windows/Scalability.ini]
[2020.04.18-13.35.31:874][  0]LogConfig: Setting CVar [[r.TranslucencyLightingVolumeDim:64]]
[2020.04.18-13.35.31:874][  0]LogConfig: Setting CVar [[r.RefractionQuality:2]]
[2020.04.18-13.35.31:874][  0]LogConfig: Setting CVar [[r.SSR.Quality:3]]
[2020.04.18-13.35.31:874][  0]LogConfig: Setting CVar [[r.SSR.HalfResSceneColor:0]]
[2020.04.18-13.35.31:874][  0]LogConfig: Setting CVar [[r.SceneColorFormat:4]]
[2020.04.18-13.35.31:874][  0]LogConfig: Setting CVar [[r.DetailMode:2]]
[2020.04.18-13.35.31:874][  0]LogConfig: Setting CVar [[r.TranslucencyVolumeBlur:1]]
[2020.04.18-13.35.31:874][  0]LogConfig: Setting CVar [[r.MaterialQualityLevel:1 ; High quality]]
[2020.04.18-13.35.31:874][  0]LogConfig: Setting CVar [[r.SSS.Scale:1]]
[2020.04.18-13.35.31:874][  0]LogConfig: Setting CVar [[r.SSS.SampleSet:2]]
[2020.04.18-13.35.31:874][  0]LogConfig: Setting CVar [[r.SSS.Quality:1]]
[2020.04.18-13.35.31:874][  0]LogConfig: Setting CVar [[r.SSS.HalfRes:1]]
[2020.04.18-13.35.31:874][  0]LogConfig: Setting CVar [[r.SSGI.Quality:3]]
[2020.04.18-13.35.31:874][  0]LogConfig: Setting CVar [[r.EmitterSpawnRateScale:1.0]]
[2020.04.18-13.35.31:874][  0]LogConfig: Setting CVar [[r.ParticleLightQuality:2]]
[2020.04.18-13.35.31:874][  0]LogConfig: Setting CVar [[r.SkyAtmosphere.AerialPerspectiveLUT.FastApplyOnOpaque:1 ; Always have FastSkyLUT 1 in this case to avoid wrong sky]]
[2020.04.18-13.35.31:874][  0]LogConfig: Setting CVar [[r.SkyAtmosphere.AerialPerspectiveLUT.SampleCountPerSlice:1]]
[2020.04.18-13.35.31:874][  0]LogConfig: Setting CVar [[r.SkyAtmosphere.AerialPerspectiveLUT.DepthResolution:16.0]]
[2020.04.18-13.35.31:874][  0]LogConfig: Setting CVar [[r.SkyAtmosphere.FastSkyLUT:1]]
[2020.04.18-13.35.31:874][  0]LogConfig: Setting CVar [[r.SkyAtmosphere.FastSkyLUT.SampleCountMin:4.0]]
[2020.04.18-13.35.31:874][  0]LogConfig: Setting CVar [[r.SkyAtmosphere.FastSkyLUT.SampleCountMax:32.0]]
[2020.04.18-13.35.31:874][  0]LogConfig: Setting CVar [[r.SkyAtmosphere.SampleCountMin:4.0]]
[2020.04.18-13.35.31:874][  0]LogConfig: Setting CVar [[r.SkyAtmosphere.SampleCountMax:32.0]]
[2020.04.18-13.35.31:874][  0]LogConfig: Setting CVar [[r.SkyAtmosphere.TransmittanceLUT.UseSmallFormat:0]]
[2020.04.18-13.35.31:874][  0]LogConfig: Setting CVar [[r.SkyAtmosphere.TransmittanceLUT.SampleCount:10.0]]
[2020.04.18-13.35.31:874][  0]LogConfig: Setting CVar [[r.SkyAtmosphere.MultiScatteringLUT.SampleCount:15.0]]
[2020.04.18-13.35.31:874][  0]LogConfig: Applying CVar settings from Section [FoliageQuality@3] File [C:/Users/Letholor/Documents/Unreal Projects/Mob_Mentality/Saved/Config/Windows/Scalability.ini]
[2020.04.18-13.35.31:874][  0]LogConfig: Setting CVar [[foliage.DensityScale:1.0]]
[2020.04.18-13.35.31:874][  0]LogConfig: Setting CVar [[grass.DensityScale:1.0]]
[2020.04.18-13.35.31:874][  0]LogConfig: Applying CVar settings from Section [ShadingQuality@3] File [C:/Users/Letholor/Documents/Unreal Projects/Mob_Mentality/Saved/Config/Windows/Scalability.ini]
[2020.04.18-13.35.31:874][  0]LogConfig: Setting CVar [[r.HairStrands.SkyLighting.SampleCount:16]]
[2020.04.18-13.35.31:874][  0]LogConfig: Setting CVar [[r.HairStrands.SkyLighting.JitterIntegration:0]]
[2020.04.18-13.35.31:874][  0]LogConfig: Setting CVar [[r.HairStrands.SkyAO.SampleCount:16]]
[2020.04.18-13.35.31:874][  0]LogInit: Selected Device Profile: [Windows]
[2020.04.18-13.35.31:874][  0]LogInit: Applying CVar settings loaded from the selected device profile: [Windows]
[2020.04.18-13.35.31:880][  0]LogHAL: Display: Platform has ~ 32 GB [34289025024 / 34359738368 / 32], which maps to Largest [LargestMinGB=32, LargerMinGB=12, DefaultMinGB=8, SmallerMinGB=6, SmallestMinGB=0)
[2020.04.18-13.35.31:880][  0]LogInit: Going up to parent DeviceProfile []
[2020.04.18-13.35.31:880][  0]LogConfig: Applying CVar settings from Section [ViewDistanceQuality@3] File [C:/Users/Letholor/Documents/Unreal Projects/Mob_Mentality/Saved/Config/Windows/Scalability.ini]
[2020.04.18-13.35.31:880][  0]LogConfig: Setting CVar [[r.SkeletalMeshLODBias:0]]
[2020.04.18-13.35.31:880][  0]LogConfig: Setting CVar [[r.ViewDistanceScale:1.0]]
[2020.04.18-13.35.31:880][  0]LogConfig: Applying CVar settings from Section [AntiAliasingQuality@3] File [C:/Users/Letholor/Documents/Unreal Projects/Mob_Mentality/Saved/Config/Windows/Scalability.ini]
[2020.04.18-13.35.31:880][  0]LogConfig: Setting CVar [[r.PostProcessAAQuality:4]]
[2020.04.18-13.35.31:880][  0]LogConfig: Applying CVar settings from Section [ShadowQuality@3] File [C:/Users/Letholor/Documents/Unreal Projects/Mob_Mentality/Saved/Config/Windows/Scalability.ini]
[2020.04.18-13.35.31:880][  0]LogConfig: Setting CVar [[r.LightFunctionQuality:1]]
[2020.04.18-13.35.31:880][  0]LogConfig: Setting CVar [[r.ShadowQuality:5]]
[2020.04.18-13.35.31:880][  0]LogConfig: Setting CVar [[r.Shadow.CSM.MaxCascades:10]]
[2020.04.18-13.35.31:880][  0]LogConfig: Setting CVar [[r.Shadow.MaxResolution:2048]]
[2020.04.18-13.35.31:880][  0]LogConfig: Setting CVar [[r.Shadow.MaxCSMResolution:2048]]
[2020.04.18-13.35.31:880][  0]LogConfig: Setting CVar [[r.Shadow.RadiusThreshold:0.01]]
[2020.04.18-13.35.31:880][  0]LogConfig: Setting CVar [[r.Shadow.DistanceScale:1.0]]
[2020.04.18-13.35.31:880][  0]LogConfig: Setting CVar [[r.Shadow.CSM.TransitionScale:1.0]]
[2020.04.18-13.35.31:880][  0]LogConfig: Setting CVar [[r.Shadow.PreShadowResolutionFactor:1.0]]
[2020.04.18-13.35.31:880][  0]LogConfig: Setting CVar [[r.DistanceFieldShadowing:1]]
[2020.04.18-13.35.31:880][  0]LogConfig: Setting CVar [[r.DistanceFieldAO:1]]
[2020.04.18-13.35.31:880][  0]LogConfig: Setting CVar [[r.AOQuality:2]]
[2020.04.18-13.35.31:880][  0]LogConfig: Setting CVar [[r.VolumetricFog:1]]
[2020.04.18-13.35.31:880][  0]LogConfig: Setting CVar [[r.VolumetricFog.GridPixelSize:8]]
[2020.04.18-13.35.31:880][  0]LogConfig: Setting CVar [[r.VolumetricFog.GridSizeZ:128]]
[2020.04.18-13.35.31:880][  0]LogConfig: Setting CVar [[r.VolumetricFog.HistoryMissSupersampleCount:4]]
[2020.04.18-13.35.31:880][  0]LogConfig: Setting CVar [[r.LightMaxDrawDistanceScale:1]]
[2020.04.18-13.35.31:880][  0]LogConfig: Setting CVar [[r.CapsuleShadows:1]]
[2020.04.18-13.35.31:880][  0]LogConfig: Applying CVar settings from Section [PostProcessQuality@3] File [C:/Users/Letholor/Documents/Unreal Projects/Mob_Mentality/Saved/Config/Windows/Scalability.ini]
[2020.04.18-13.35.31:881][  0]LogConfig: Setting CVar [[r.MotionBlurQuality:4]]
[2020.04.18-13.35.31:881][  0]LogConfig: Setting CVar [[r.AmbientOcclusionMipLevelFactor:0.4]]
[2020.04.18-13.35.31:881][  0]LogConfig: Setting CVar [[r.AmbientOcclusionMaxQuality:100]]
[2020.04.18-13.35.31:881][  0]LogConfig: Setting CVar [[r.AmbientOcclusionLevels:-1]]
[2020.04.18-13.35.31:881][  0]LogConfig: Setting CVar [[r.AmbientOcclusionRadiusScale:1.0]]
[2020.04.18-13.35.31:881][  0]LogConfig: Setting CVar [[r.DepthOfFieldQuality:2]]
[2020.04.18-13.35.31:881][  0]LogConfig: Setting CVar [[r.RenderTargetPoolMin:400]]
[2020.04.18-13.35.31:881][  0]LogConfig: Setting CVar [[r.LensFlareQuality:2]]
[2020.04.18-13.35.31:881][  0]LogConfig: Setting CVar [[r.SceneColorFringeQuality:1]]
[2020.04.18-13.35.31:881][  0]LogConfig: Setting CVar [[r.EyeAdaptationQuality:2]]
[2020.04.18-13.35.31:881][  0]LogConfig: Setting CVar [[r.BloomQuality:5]]
[2020.04.18-13.35.31:881][  0]LogConfig: Setting CVar [[r.FastBlurThreshold:100]]
[2020.04.18-13.35.31:881][  0]LogConfig: Setting CVar [[r.Upscale.Quality:3]]
[2020.04.18-13.35.31:881][  0]LogConfig: Setting CVar [[r.Tonemapper.GrainQuantization:1]]
[2020.04.18-13.35.31:881][  0]LogConfig: Setting CVar [[r.LightShaftQuality:1]]
[2020.04.18-13.35.31:881][  0]LogConfig: Setting CVar [[r.Filter.SizeScale:1]]
[2020.04.18-13.35.31:881][  0]LogConfig: Setting CVar [[r.Tonemapper.Quality:5]]
[2020.04.18-13.35.31:881][  0]LogConfig: Setting CVar [[r.DOF.Gather.AccumulatorQuality:1        ; higher gathering accumulator quality]]
[2020.04.18-13.35.31:881][  0]LogConfig: Setting CVar [[r.DOF.Gather.PostfilterMethod:1          ; Median3x3 postfilering method]]
[2020.04.18-13.35.31:881][  0]LogConfig: Setting CVar [[r.DOF.Gather.EnableBokehSettings:0       ; no bokeh simulation when gathering]]
[2020.04.18-13.35.31:881][  0]LogConfig: Setting CVar [[r.DOF.Gather.RingCount:4                 ; medium number of samples when gathering]]
[2020.04.18-13.35.31:881][  0]LogConfig: Setting CVar [[r.DOF.Scatter.ForegroundCompositing:1    ; additive foreground scattering]]
[2020.04.18-13.35.31:881][  0]LogConfig: Setting CVar [[r.DOF.Scatter.BackgroundCompositing:2    ; additive background scattering]]
[2020.04.18-13.35.31:881][  0]LogConfig: Setting CVar [[r.DOF.Scatter.EnableBokehSettings:1      ; bokeh simulation when scattering]]
[2020.04.18-13.35.31:881][  0]LogConfig: Setting CVar [[r.DOF.Scatter.MaxSpriteRatio:0.1         ; only a maximum of 10% of scattered bokeh]]
[2020.04.18-13.35.31:881][  0]LogConfig: Setting CVar [[r.DOF.Recombine.Quality:1                ; cheap slight out of focus]]
[2020.04.18-13.35.31:881][  0]LogConfig: Setting CVar [[r.DOF.Recombine.EnableBokehSettings:0    ; no bokeh simulation on slight out of focus]]
[2020.04.18-13.35.31:881][  0]LogConfig: Setting CVar [[r.DOF.TemporalAAQuality:1                ; more stable temporal accumulation]]
[2020.04.18-13.35.31:881][  0]LogConfig: Setting CVar [[r.DOF.Kernel.MaxForegroundRadius:0.025]]
[2020.04.18-13.35.31:881][  0]LogConfig: Setting CVar [[r.DOF.Kernel.MaxBackgroundRadius:0.025]]
[2020.04.18-13.35.31:881][  0]LogConfig: Applying CVar settings from Section [TextureQuality@3] File [C:/Users/Letholor/Documents/Unreal Projects/Mob_Mentality/Saved/Config/Windows/Scalability.ini]
[2020.04.18-13.35.31:881][  0]LogConfig: Setting CVar [[r.Streaming.MipBias:0]]
[2020.04.18-13.35.31:881][  0]LogConfig: Setting CVar [[r.Streaming.AmortizeCPUToGPUCopy:0]]
[2020.04.18-13.35.31:881][  0]LogConfig: Setting CVar [[r.Streaming.MaxNumTexturesToStreamPerFrame:0]]
[2020.04.18-13.35.31:881][  0]LogConfig: Setting CVar [[r.Streaming.Boost:1]]
[2020.04.18-13.35.31:881][  0]LogConfig: Setting CVar [[r.MaxAnisotropy:8]]
[2020.04.18-13.35.31:881][  0]LogConfig: Setting CVar [[r.VT.MaxAnisotropy:8]]
[2020.04.18-13.35.31:881][  0]LogConfig: Setting CVar [[r.Streaming.LimitPoolSizeToVRAM:0]]
[2020.04.18-13.35.31:881][  0]LogConfig: Setting CVar [[r.Streaming.PoolSize:1000]]
[2020.04.18-13.35.31:881][  0]LogConfig: Setting CVar [[r.Streaming.MaxEffectiveScreenSize:0]]
[2020.04.18-13.35.31:881][  0]LogConfig: Applying CVar settings from Section [EffectsQuality@3] File [C:/Users/Letholor/Documents/Unreal Projects/Mob_Mentality/Saved/Config/Windows/Scalability.ini]
[2020.04.18-13.35.31:881][  0]LogConfig: Setting CVar [[r.TranslucencyLightingVolumeDim:64]]
[2020.04.18-13.35.31:881][  0]LogConfig: Setting CVar [[r.RefractionQuality:2]]
[2020.04.18-13.35.31:881][  0]LogConfig: Setting CVar [[r.SSR.Quality:3]]
[2020.04.18-13.35.31:881][  0]LogConfig: Setting CVar [[r.SSR.HalfResSceneColor:0]]
[2020.04.18-13.35.31:881][  0]LogConfig: Setting CVar [[r.SceneColorFormat:4]]
[2020.04.18-13.35.31:881][  0]LogConfig: Setting CVar [[r.DetailMode:2]]
[2020.04.18-13.35.31:881][  0]LogConfig: Setting CVar [[r.TranslucencyVolumeBlur:1]]
[2020.04.18-13.35.31:881][  0]LogConfig: Setting CVar [[r.MaterialQualityLevel:1 ; High quality]]
[2020.04.18-13.35.31:881][  0]LogConfig: Setting CVar [[r.SSS.Scale:1]]
[2020.04.18-13.35.31:881][  0]LogConfig: Setting CVar [[r.SSS.SampleSet:2]]
[2020.04.18-13.35.31:881][  0]LogConfig: Setting CVar [[r.SSS.Quality:1]]
[2020.04.18-13.35.31:881][  0]LogConfig: Setting CVar [[r.SSS.HalfRes:1]]
[2020.04.18-13.35.31:881][  0]LogConfig: Setting CVar [[r.SSGI.Quality:3]]
[2020.04.18-13.35.31:881][  0]LogConfig: Setting CVar [[r.EmitterSpawnRateScale:1.0]]
[2020.04.18-13.35.31:881][  0]LogConfig: Setting CVar [[r.ParticleLightQuality:2]]
[2020.04.18-13.35.31:881][  0]LogConfig: Setting CVar [[r.SkyAtmosphere.AerialPerspectiveLUT.FastApplyOnOpaque:1 ; Always have FastSkyLUT 1 in this case to avoid wrong sky]]
[2020.04.18-13.35.31:881][  0]LogConfig: Setting CVar [[r.SkyAtmosphere.AerialPerspectiveLUT.SampleCountPerSlice:1]]
[2020.04.18-13.35.31:881][  0]LogConfig: Setting CVar [[r.SkyAtmosphere.AerialPerspectiveLUT.DepthResolution:16.0]]
[2020.04.18-13.35.31:881][  0]LogConfig: Setting CVar [[r.SkyAtmosphere.FastSkyLUT:1]]
[2020.04.18-13.35.31:881][  0]LogConfig: Setting CVar [[r.SkyAtmosphere.FastSkyLUT.SampleCountMin:4.0]]
[2020.04.18-13.35.31:881][  0]LogConfig: Setting CVar [[r.SkyAtmosphere.FastSkyLUT.SampleCountMax:32.0]]
[2020.04.18-13.35.31:881][  0]LogConfig: Setting CVar [[r.SkyAtmosphere.SampleCountMin:4.0]]
[2020.04.18-13.35.31:881][  0]LogConfig: Setting CVar [[r.SkyAtmosphere.SampleCountMax:32.0]]
[2020.04.18-13.35.31:881][  0]LogConfig: Setting CVar [[r.SkyAtmosphere.TransmittanceLUT.UseSmallFormat:0]]
[2020.04.18-13.35.31:881][  0]LogConfig: Setting CVar [[r.SkyAtmosphere.TransmittanceLUT.SampleCount:10.0]]
[2020.04.18-13.35.31:881][  0]LogConfig: Setting CVar [[r.SkyAtmosphere.MultiScatteringLUT.SampleCount:15.0]]
[2020.04.18-13.35.31:881][  0]LogConfig: Applying CVar settings from Section [FoliageQuality@3] File [C:/Users/Letholor/Documents/Unreal Projects/Mob_Mentality/Saved/Config/Windows/Scalability.ini]
[2020.04.18-13.35.31:881][  0]LogConfig: Setting CVar [[foliage.DensityScale:1.0]]
[2020.04.18-13.35.31:881][  0]LogConfig: Setting CVar [[grass.DensityScale:1.0]]
[2020.04.18-13.35.31:881][  0]LogConfig: Applying CVar settings from Section [ShadingQuality@3] File [C:/Users/Letholor/Documents/Unreal Projects/Mob_Mentality/Saved/Config/Windows/Scalability.ini]
[2020.04.18-13.35.31:881][  0]LogConfig: Setting CVar [[r.HairStrands.SkyLighting.SampleCount:16]]
[2020.04.18-13.35.31:881][  0]LogConfig: Setting CVar [[r.HairStrands.SkyLighting.JitterIntegration:0]]
[2020.04.18-13.35.31:881][  0]LogConfig: Setting CVar [[r.HairStrands.SkyAO.SampleCount:16]]
[2020.04.18-13.35.31:881][  0]LogConfig: Applying CVar settings from Section [Startup] File [../../../Engine/Config/ConsoleVariables.ini]
[2020.04.18-13.35.31:885][  0]LogConfig: Setting CVar [[net.UseAdaptiveNetUpdateFrequency:0]]
[2020.04.18-13.35.31:885][  0]LogConfig: Setting CVar [[p.chaos.AllowCreatePhysxBodies:1]]
[2020.04.18-13.35.31:885][  0]LogConfig: Applying CVar settings from Section [ConsoleVariables] File [C:/Users/Letholor/Documents/Unreal Projects/Mob_Mentality/Saved/Config/Windows/Engine.ini]
[2020.04.18-13.35.31:885][  0]LogInit: Computer: DESKTOP-FC11IDJ
[2020.04.18-13.35.31:885][  0]LogInit: User: Letholor
[2020.04.18-13.35.31:885][  0]LogInit: CPU Page size=4096, Cores=6
[2020.04.18-13.35.31:885][  0]LogInit: High frequency timer resolution =10.000000 MHz
[2020.04.18-13.35.31:886][  0]LogMemory: Memory total: Physical=31.9GB (32GB approx)
[2020.04.18-13.35.31:886][  0]LogMemory: Platform Memory Stats for Windows
[2020.04.18-13.35.31:886][  0]LogMemory: Process Physical Memory: 104.35 MB used, 104.35 MB peak
[2020.04.18-13.35.31:886][  0]LogMemory: Process Virtual Memory: 100.26 MB used, 100.26 MB peak
[2020.04.18-13.35.31:886][  0]LogMemory: Physical Memory: 6129.90 MB used,  26570.66 MB free, 32700.56 MB total
[2020.04.18-13.35.31:886][  0]LogMemory: Virtual Memory: 5146.02 MB used,  134212584.00 MB free, 134217728.00 MB total
[2020.04.18-13.35.31:887][  0]LogWindows: WindowsPlatformFeatures enabled
[2020.04.18-13.35.31:986][  0]LogInit: Using OS detected language (en-US).
[2020.04.18-13.35.31:986][  0]LogInit: Using OS detected locale (en-US).
[2020.04.18-13.35.31:987][  0]LogTextLocalizationManager: No specific localization for 'en-US' exists, so the 'en' localization will be used.
[2020.04.18-13.35.32:153][  0]LogInit: Setting process to per monitor DPI aware
[2020.04.18-13.35.32:199][  0]LogSlate: New Slate User Created.  User Index 0, Is Virtual User: 0
[2020.04.18-13.35.32:199][  0]LogSlate: Slate User Registered.  User Index 0, Is Virtual User: 0
[2020.04.18-13.35.34:116][  0]LogHMD: Failed to initialize OpenVR with code 110
[2020.04.18-13.35.34:116][  0]LogD3D11RHI: D3D11 min allowed feature level: 11_0
[2020.04.18-13.35.34:116][  0]LogD3D11RHI: D3D11 max allowed feature level: 11_0
[2020.04.18-13.35.34:116][  0]LogD3D11RHI: D3D11 adapters:
[2020.04.18-13.35.34:167][  0]LogD3D11RHI:    0. 'NVIDIA GeForce GTX 1650' (Feature Level 11_0)
[2020.04.18-13.35.34:167][  0]LogD3D11RHI:       3962/0/16350 MB DedicatedVideo/DedicatedSystem/SharedSystem, Outputs:2, VendorId:0x10de
[2020.04.18-13.35.34:169][  0]LogD3D11RHI:    1. 'Microsoft Basic Render Driver' (Feature Level 11_0)
[2020.04.18-13.35.34:169][  0]LogD3D11RHI:       0/0/16350 MB DedicatedVideo/DedicatedSystem/SharedSystem, Outputs:0, VendorId:0x1414
[2020.04.18-13.35.34:169][  0]LogD3D11RHI: Chosen D3D11 Adapter: 0
[2020.04.18-13.35.34:174][  0]LogD3D11RHI: Creating new Direct3DDevice
[2020.04.18-13.35.34:174][  0]LogD3D11RHI:     GPU DeviceId: 0x1f82 (for the marketing name, search the web for "GPU Device Id")
[2020.04.18-13.35.34:174][  0]LogWindows: EnumDisplayDevices:
[2020.04.18-13.35.34:174][  0]LogWindows:    0. 'NVIDIA GeForce GTX 1650' (P:1 D:1)
[2020.04.18-13.35.34:175][  0]LogWindows:    1. 'NVIDIA GeForce GTX 1650' (P:0 D:1)
[2020.04.18-13.35.34:175][  0]LogWindows:    2. 'NVIDIA GeForce GTX 1650' (P:0 D:0)
[2020.04.18-13.35.34:175][  0]LogWindows:    3. 'NVIDIA GeForce GTX 1650' (P:0 D:0)
[2020.04.18-13.35.34:175][  0]LogWindows: DebugString: FoundDriverCount:4 
[2020.04.18-13.35.34:175][  0]LogD3D11RHI:     Adapter Name: NVIDIA GeForce GTX 1650
[2020.04.18-13.35.34:175][  0]LogD3D11RHI:   Driver Version: 436.15 (internal:26.21.14.3615, unified:436.15)
[2020.04.18-13.35.34:175][  0]LogD3D11RHI:      Driver Date: 8-24-2019
[2020.04.18-13.35.34:175][  0]LogRHI: Texture pool is 2773 MB (70% of 3962 MB)
[2020.04.18-13.35.34:206][  0]LogD3D11RHI: RHI has support for 64 bit atomics
[2020.04.18-13.35.34:206][  0]LogD3D11RHI: Async texture creation enabled
[2020.04.18-13.35.34:324][  0]LogD3D11RHI: GPU Timing Frequency: 1000.000000 (Debug: 2 1)
[2020.04.18-13.35.34:551][  0]LogTargetPlatformManager: Display: Loaded TargetPlatform 'AllDesktop'
[2020.04.18-13.35.34:582][  0]LogTargetPlatformManager: Display: Loaded TargetPlatform 'Android'
[2020.04.18-13.35.34:582][  0]LogTargetPlatformManager: Display: Loaded TargetPlatform 'Android_ASTC'
[2020.04.18-13.35.34:582][  0]LogTargetPlatformManager: Display: Loaded TargetPlatform 'Android_ATC'
[2020.04.18-13.35.34:582][  0]LogTargetPlatformManager: Display: Loaded TargetPlatform 'Android_DXT'
[2020.04.18-13.35.34:582][  0]LogTargetPlatformManager: Display: Loaded TargetPlatform 'Android_ETC1'
[2020.04.18-13.35.34:582][  0]LogTargetPlatformManager: Display: Loaded TargetPlatform 'Android_ETC1a'
[2020.04.18-13.35.34:582][  0]LogTargetPlatformManager: Display: Loaded TargetPlatform 'Android_ETC2'
[2020.04.18-13.35.34:582][  0]LogTargetPlatformManager: Display: Loaded TargetPlatform 'Android_PVRTC'
[2020.04.18-13.35.34:582][  0]LogTargetPlatformManager: Display: Loaded TargetPlatform 'AndroidClient'
[2020.04.18-13.35.34:582][  0]LogTargetPlatformManager: Display: Loaded TargetPlatform 'Android_ASTCClient'
[2020.04.18-13.35.34:582][  0]LogTargetPlatformManager: Display: Loaded TargetPlatform 'Android_ATCClient'
[2020.04.18-13.35.34:582][  0]LogTargetPlatformManager: Display: Loaded TargetPlatform 'Android_DXTClient'
[2020.04.18-13.35.34:582][  0]LogTargetPlatformManager: Display: Loaded TargetPlatform 'Android_ETC1Client'
[2020.04.18-13.35.34:582][  0]LogTargetPlatformManager: Display: Loaded TargetPlatform 'Android_ETC1aClient'
[2020.04.18-13.35.34:582][  0]LogTargetPlatformManager: Display: Loaded TargetPlatform 'Android_ETC2Client'
[2020.04.18-13.35.34:582][  0]LogTargetPlatformManager: Display: Loaded TargetPlatform 'Android_PVRTCClient'
[2020.04.18-13.35.34:582][  0]LogTargetPlatformManager: Display: Loaded TargetPlatform 'Android_Multi'
[2020.04.18-13.35.34:582][  0]LogTargetPlatformManager: Display: Loaded TargetPlatform 'Android_MultiClient'
[2020.04.18-13.35.34:602][  0]LogTargetPlatformManager: Display: Loaded TargetPlatform 'IOSClient'
[2020.04.18-13.35.34:602][  0]LogTargetPlatformManager: Display: Loaded TargetPlatform 'IOS'
[2020.04.18-13.35.34:607][  0]LogTargetPlatformManager: Display: Loaded TargetPlatform 'LinuxNoEditor'
[2020.04.18-13.35.34:612][  0]LogTargetPlatformManager: Display: Loaded TargetPlatform 'LinuxClient'
[2020.04.18-13.35.34:618][  0]LogTargetPlatformManager: Display: Loaded TargetPlatform 'LinuxServer'
[2020.04.18-13.35.34:623][  0]LogTargetPlatformManager: Display: Loaded TargetPlatform 'LinuxAArch64NoEditor'
[2020.04.18-13.35.34:628][  0]LogTargetPlatformManager: Display: Loaded TargetPlatform 'LinuxAArch64Client'
[2020.04.18-13.35.34:634][  0]LogTargetPlatformManager: Display: Loaded TargetPlatform 'LinuxAArch64Server'
[2020.04.18-13.35.34:656][  0]LogTargetPlatformManager: Display: Loaded TargetPlatform 'Lumin'
[2020.04.18-13.35.34:656][  0]LogTargetPlatformManager: Display: Loaded TargetPlatform 'LuminClient'
[2020.04.18-13.35.34:667][  0]LogTargetPlatformManager: Display: Loaded TargetPlatform 'TVOSClient'
[2020.04.18-13.35.34:667][  0]LogTargetPlatformManager: Display: Loaded TargetPlatform 'TVOS'
[2020.04.18-13.35.34:673][  0]LogTargetPlatformManager: Display: Loaded TargetPlatform 'WindowsNoEditor'
[2020.04.18-13.35.34:679][  0]LogTargetPlatformManager: Display: Loaded TargetPlatform 'Windows'
[2020.04.18-13.35.34:684][  0]LogTargetPlatformManager: Display: Loaded TargetPlatform 'WindowsClient'
[2020.04.18-13.35.34:689][  0]LogTargetPlatformManager: Display: Loaded TargetPlatform 'WindowsServer'
[2020.04.18-13.35.34:689][  0]LogTargetPlatformManager: Display: Building Assets For Windows
[2020.04.18-13.35.34:692][  0]LogAudioDebug: Display: Lib vorbis DLL was dynamically loaded.
[2020.04.18-13.35.34:724][  0]LogShaderCompilers: Guid format shader working directory is -23 characters bigger than the processId version (../../../../../../Users/Letholor/Documents/Unreal Projects/Mob_Mentality/Intermediate/Shaders/WorkingDirectory/2156/).
[2020.04.18-13.35.34:725][  0]LogShaderCompilers: Cleaned the shader compiler working directory 'C:/Users/Letholor/AppData/Local/Temp/UnrealShaderWorkingDir/E90727824C1BE7E335E2D3BF13C53520/'.
[2020.04.18-13.35.34:725][  0]LogXGEController: Cleaning working directory: C:/Users/Letholor/AppData/Local/Temp/UnrealXGEWorkingDir/
[2020.04.18-13.35.34:725][  0]LogXGEController: Cannot use XGE Controller as Incredibuild is not installed on this machine.
[2020.04.18-13.35.34:725][  0]LogShaderCompilers: Cannot use XGE Shader Compiler as Incredibuild is not installed on this machine.
[2020.04.18-13.35.34:725][  0]LogShaderCompilers: Display: Using Local Shader Compiler.
[2020.04.18-13.35.36:835][  0]LogDerivedDataCache: Display: Max Cache Size: 512 MB
[2020.04.18-13.35.36:879][  0]LogDerivedDataCache: Loaded boot cache 0.05s 78MB C:/Users/Letholor/AppData/Local/UnrealEngine/4.24/DerivedDataCache/Boot.ddc.
[2020.04.18-13.35.36:879][  0]LogDerivedDataCache: Display: Loaded Boot cache: C:/Users/Letholor/AppData/Local/UnrealEngine/4.24/DerivedDataCache/Boot.ddc
[2020.04.18-13.35.36:879][  0]LogDerivedDataCache: FDerivedDataBackendGraph:  Pak pak cache file ../../../../../../Users/Letholor/Documents/Unreal Projects/Mob_Mentality/DerivedDataCache/DDC.ddp not found, will not use a pak cache.
[2020.04.18-13.35.36:879][  0]LogDerivedDataCache: Unable to find inner node Pak for hierarchical cache Hierarchy.
[2020.04.18-13.35.36:880][  0]LogDerivedDataCache: FDerivedDataBackendGraph:  CompressedPak pak cache file ../../../../../../Users/Letholor/Documents/Unreal Projects/Mob_Mentality/DerivedDataCache/Compressed.ddp not found, will not use a pak cache.
[2020.04.18-13.35.36:880][  0]LogDerivedDataCache: Unable to find inner node CompressedPak for hierarchical cache Hierarchy.
[2020.04.18-13.35.36:894][  0]LogDerivedDataCache: Display: Pak cache opened for reading ../../../Engine/DerivedDataCache/Compressed.ddp.
[2020.04.18-13.35.36:894][  0]LogDerivedDataCache: FDerivedDataBackendGraph:  EnterprisePak pak cache file ../../../Enterprise/DerivedDataCache/Compressed.ddp not found, will not use a pak cache.
[2020.04.18-13.35.36:894][  0]LogDerivedDataCache: Unable to find inner node EnterprisePak for hierarchical cache Hierarchy.
[2020.04.18-13.35.36:895][  0]LogDerivedDataCache: Using Local data cache path C:/Users/Letholor/AppData/Local/UnrealEngine/Common/DerivedDataCache: Writable
[2020.04.18-13.35.36:895][  0]LogDerivedDataCache: Shared data cache path not found in *engine.ini, will not use an Shared cache.
[2020.04.18-13.35.36:895][  0]LogDerivedDataCache: Unable to find inner node Shared for hierarchical cache Hierarchy.
[2020.04.18-13.35.36:915][  0]LogMaterial: Verifying Global Shaders for PCD3D_SM5
[2020.04.18-13.35.36:917][  0]LogSlate: Using FreeType 2.10.0
[2020.04.18-13.35.36:929][  0]LogSlate: SlateFontServices - WITH_FREETYPE: 1, WITH_HARFBUZZ: 1
[2020.04.18-13.35.37:049][  0]LogAssetRegistry: FAssetRegistry took 0.0019 seconds to start up
[2020.04.18-13.35.37:281][  0]LogInit: Selected Device Profile: [Windows]
[2020.04.18-13.35.37:470][  0]LogMeshReduction: Using QuadricMeshReduction for automatic static mesh reduction
[2020.04.18-13.35.37:470][  0]LogMeshReduction: Using SimplygonMeshReduction for automatic skeletal mesh reduction
[2020.04.18-13.35.37:470][  0]LogMeshReduction: Using ProxyLODMeshReduction for automatic mesh merging
[2020.04.18-13.35.37:470][  0]LogMeshReduction: No distributed automatic mesh merging module available
[2020.04.18-13.35.37:470][  0]LogMeshMerging: No distributed automatic mesh merging module available
[2020.04.18-13.35.37:497][  0]LogNetVersion: Mob_Mentality 1.0.0, NetCL: 10570792, EngineNetVer: 13, GameNetVer: 0 (Checksum: 1699458560)
[2020.04.18-13.35.39:574][  0]LogPackageLocalizationCache: Processed 10 localized package path(s) for 1 prioritized culture(s) in 0.039460 seconds
[2020.04.18-13.35.39:580][  0]LogUObjectArray: 46750 objects as part of root set at end of initial load.
[2020.04.18-13.35.39:580][  0]LogUObjectAllocator: 8137160 out of 0 bytes used by permanent object pool.
[2020.04.18-13.35.39:580][  0]LogUObjectArray: CloseDisregardForGC: 0/0 objects in disregard for GC pool
[2020.04.18-13.35.40:099][  0]LogTcpMessaging: Initializing TcpMessaging bridge
[2020.04.18-13.35.40:101][  0]LogUdpMessaging: Initializing bridge on interface 0.0.0.0:0 to multicast group 230.0.0.1:6666.
[2020.04.18-13.35.40:146][  0]SourceControl: Source control is disabled
[2020.04.18-13.35.40:146][  0]SourceControl: Source control is disabled
[2020.04.18-13.35.40:147][  0]SourceControl: Source control is disabled
[2020.04.18-13.35.40:148][  0]SourceControl: Source control is disabled
[2020.04.18-13.35.40:148][  0]SourceControl: Source control is disabled
[2020.04.18-13.35.40:220][  0]LogAndroidPermission: UAndroidPermissionCallbackProxy::GetInstance
[2020.04.18-13.35.40:228][  0]LogAudioCaptureCore: Display: No Audio Capture implementations found. Audio input will be silent.
[2020.04.18-13.35.40:228][  0]LogAudioCaptureCore: Display: No Audio Capture implementations found. Audio input will be silent.
[2020.04.18-13.35.40:327][  0]LogOcInput: OculusInput pre-init called
[2020.04.18-13.35.40:332][  0]LogWindows: Failed to load 'OVRPlugin.dll' (GetLastError=126)
[2020.04.18-13.35.40:332][  0]LogWindows: File 'OVRPlugin.dll' does not exist
[2020.04.18-13.35.40:405][  0]LogEngine: Initializing Engine...
[2020.04.18-13.35.40:406][  0]LogHMD: Failed to initialize OpenVR with code 110
[2020.04.18-13.35.40:407][  0]LogStats: UGameplayTagsManager::InitializeManager -  0.000 s
[2020.04.18-13.35.40:833][  0]LogInit: Initializing FReadOnlyCVARCache
[2020.04.18-13.35.40:837][  0]LogAIModule: Creating AISystem for world Untitled
[2020.04.18-13.35.40:839][  0]LogAudioMixer: Display: Audio Mixer Platform Settings:
[2020.04.18-13.35.40:839][  0]LogAudioMixer: Display: 	Sample Rate:						  48000
[2020.04.18-13.35.40:839][  0]LogAudioMixer: Display: 	Callback Buffer Frame Size Requested: 1024
[2020.04.18-13.35.40:839][  0]LogAudioMixer: Display: 	Callback Buffer Frame Size To Use:	  1024
[2020.04.18-13.35.40:839][  0]LogAudioMixer: Display: 	Number of buffers to queue:			  2
[2020.04.18-13.35.40:839][  0]LogAudioMixer: Display: 	Max Channels (voices):				  32
[2020.04.18-13.35.40:839][  0]LogAudioMixer: Display: 	Number of Async Source Workers:		  0
[2020.04.18-13.35.40:839][  0]LogAudio: Display: AudioDevice MaxSources: 32
[2020.04.18-13.35.40:839][  0]LogAudio: Display: Using built-in audio occlusion.
[2020.04.18-13.35.40:839][  0]LogAudioMixer: Display: Initializing audio mixer.
[2020.04.18-13.35.40:880][  0]LogAudioMixer: Display: Audio Device Output Speaker Info:
[2020.04.18-13.35.40:880][  0]LogAudioMixer: Display: Name: Speakers (2- Realtek High Definition Audio)
[2020.04.18-13.35.40:880][  0]LogAudioMixer: Display: Is Default: Yes
[2020.04.18-13.35.40:880][  0]LogAudioMixer: Display: Sample Rate: 48000
[2020.04.18-13.35.40:880][  0]LogAudioMixer: Display: Channel Count Used: 2
[2020.04.18-13.35.40:880][  0]LogAudioMixer: Display: Device Channel Count: 2
[2020.04.18-13.35.40:880][  0]LogAudioMixer: Display: Channel Order:
[2020.04.18-13.35.40:880][  0]LogAudioMixer: Display: 0: FrontLeft
[2020.04.18-13.35.40:880][  0]LogAudioMixer: Display: 1: FrontRight
[2020.04.18-13.35.40:920][  0]LogAudioMixer: Display: Using Audio Device Speakers (2- Realtek High Definition Audio)
[2020.04.18-13.35.40:921][  0]LogInit: FAudioDevice initialized.
[2020.04.18-13.35.40:921][  0]LogNetVersion: Set ProjectVersion to 1.0.0.0. Version Checksum will be recalculated on next use.
[2020.04.18-13.35.40:991][  0]LogDerivedDataCache: Saved boot cache 0.07s 78MB C:/Users/Letholor/AppData/Local/UnrealEngine/4.24/DerivedDataCache/Boot.ddc.
[2020.04.18-13.35.40:994][  0]LogInit: Texture streaming: Enabled
[2020.04.18-13.35.41:002][  0]LogEngineSessionManager: EngineSessionManager initialized
[2020.04.18-13.35.41:002][  0]LogEngineSessionManager: EngineSessionManager sent abnormal shutdown report. Type=AbnormalShutdown, SessionId={33A0A9A7-4080-55F5-CCD6-F297CDC96F3B}
[2020.04.18-13.35.41:002][  0]LogEditorSessionSummary: Verbose: Initializing EditorSessionSummaryWriter for editor session tracking
[2020.04.18-13.35.41:003][  0]LogEditorSessionSummary: EditorSessionSummaryWriter initialized
[2020.04.18-13.35.41:047][  0]LogInit: Transaction tracking system initialized
[2020.04.18-13.35.41:055][  0]BlueprintLog: New page: Editor Load
[2020.04.18-13.35.41:079][  0]LocalizationService: Localization service is disabled
[2020.04.18-13.35.41:493][  0]LogFileCache: Scanning file cache for directory 'C:/Users/Letholor/Documents/Unreal Projects/Mob_Mentality/Content/' took 0.00s
[2020.04.18-13.35.41:493][  0]LogCook: Display: Max memory allowance for cook 16384mb min free memory 0mb
[2020.04.18-13.35.41:493][  0]LogCook: Display: Mobile HDR setting 1
[2020.04.18-13.35.42:058][  0]SourceControl: Source control is disabled
[2020.04.18-13.35.42:058][  0]Cmd: MAP LOAD FILE="../../../../../../Users/Letholor/Documents/Unreal Projects/Mob_Mentality/Content/ThirdPersonBP/Maps/ThirdPersonExampleMap.umap" TEMPLATE=0 SHOWPROGRESS=1 FEATURELEVEL=3
[2020.04.18-13.35.42:062][  0]LightingResults: New page: Lighting Build
[2020.04.18-13.35.42:063][  0]LogWorld: UWorld::CleanupWorld for Untitled, bSessionEnded=true, bCleanupResources=true
[2020.04.18-13.35.42:063][  0]LogSlate: InvalidateAllWidgets triggered.  All widgets were invalidated
[2020.04.18-13.35.42:063][  0]MapCheck: New page: Map Check
[2020.04.18-13.35.42:063][  0]LightingResults: New page: Lighting Build
[2020.04.18-13.35.42:083][  0]LogUObjectHash: Compacting FUObjectHashTables data took   1.41ms
[2020.04.18-13.35.42:701][  0]LogAIModule: Creating AISystem for world ThirdPersonExampleMap
[2020.04.18-13.35.42:713][  0]LogEditorServer: Finished looking for orphan Actors (0.000 secs)
[2020.04.18-13.35.42:742][  0]LogUObjectHash: Compacting FUObjectHashTables data took   1.91ms
[2020.04.18-13.35.42:742][  0]Cmd: MAP CHECKDEP NOCLEARLOG
[2020.04.18-13.35.42:742][  0]MapCheck: Map check complete: 0 Error(s), 0 Warning(s), took 0.116ms to complete.
[2020.04.18-13.35.42:742][  0]LogFileHelpers: Loading map 'ThirdPersonExampleMap' took 0.684
[2020.04.18-13.35.42:891][  0]LogSlate: Updating window title bar state: overlay mode, drag disabled, window buttons hidden, title bar hidden
[2020.04.18-13.35.42:896][  0]LogSlate: Updating window title bar state: overlay mode, drag disabled, window buttons hidden, title bar hidden
[2020.04.18-13.35.42:901][  0]LogSlate: Updating window title bar state: overlay mode, drag disabled, window buttons hidden, title bar hidden
[2020.04.18-13.35.42:907][  0]LogSlate: Updating window title bar state: overlay mode, drag disabled, window buttons hidden, title bar hidden
[2020.04.18-13.35.42:914][  0]LogCollectionManager: Loaded 0 collections in 0.001438 seconds
[2020.04.18-13.35.42:923][  0]LogFileCache: Scanning file cache for directory 'C:/Users/Letholor/Documents/Unreal Projects/Mob_Mentality/Saved/Collections/' took 0.00s
[2020.04.18-13.35.42:923][  0]LogFileCache: Scanning file cache for directory 'C:/Users/Letholor/Documents/Unreal Projects/Mob_Mentality/Content/Developers/Letholor/Collections/' took 0.00s
[2020.04.18-13.35.42:923][  0]LogFileCache: Scanning file cache for directory 'C:/Users/Letholor/Documents/Unreal Projects/Mob_Mentality/Content/Collections/' took 0.00s
[2020.04.18-13.35.42:923][  0]LogContentBrowser: Native class hierarchy populated in 0.0066 seconds. Added 3022 classes and 719 folders.
[2020.04.18-13.35.42:925][  0]LogContentBrowser: Native class hierarchy updated for 'WidgetCarousel' in 0.0002 seconds. Added 0 classes and 0 folders.
[2020.04.18-13.35.43:137][  0]LogContentBrowser: Native class hierarchy updated for 'AddContentDialog' in 0.0002 seconds. Added 0 classes and 0 folders.
[2020.04.18-13.35.43:140][  0]LogContentBrowser: Native class hierarchy updated for 'SceneOutliner' in 0.0002 seconds. Added 2 classes and 3 folders.
[2020.04.18-13.35.43:248][  0]LogSlate: Took 0.003610 seconds to synchronously load lazily loaded font '../../../Engine/Content/Slate/Fonts/Roboto-Regular.ttf' (155K)
[2020.04.18-13.35.43:253][  0]LogSlate: Took 0.003374 seconds to synchronously load lazily loaded font '../../../Engine/Content/Slate/Fonts/Roboto-Bold.ttf' (160K)
[2020.04.18-13.35.43:260][  0]LogSlate: Took 0.003919 seconds to synchronously load lazily loaded font '../../../Engine/Content/Editor/Slate/Fonts/FontAwesome.ttf' (139K)
[2020.04.18-13.35.43:369][  0]LogRenderer: Reallocating scene render targets to support 1268x636 Format 10 NumSamples 1 (Frame:1).
[2020.04.18-13.35.43:456][  0]LogContentBrowser: Native class hierarchy updated for 'HierarchicalLODOutliner' in 0.0002 seconds. Added 0 classes and 0 folders.
[2020.04.18-13.35.43:456][  0]LogLoad: (Engine Initialization) Total time: 14.00 seconds
[2020.04.18-13.35.43:456][  0]LogLoad: (Engine Initialization) Total Blueprint compile time: 0.00 seconds
[2020.04.18-13.35.43:512][  0]LogContentStreaming: Texture pool size now 1000 MB
[2020.04.18-13.35.43:533][  0]LogSlate: Took 0.000087 seconds to synchronously load lazily loaded font '../../../Engine/Content/Slate/Fonts/Roboto-Light.ttf' (167K)
[2020.04.18-13.35.43:939][  7]LogAssetRegistry: Asset discovery search completed in 6.8911 seconds
[2020.04.18-13.35.43:942][  7]LogCollectionManager: Fixed up redirectors for 0 collections in 0.000005 seconds (updated 0 objects)
[2020.04.18-13.35.44:483][ 69]LogSlate: Took 0.000122 seconds to synchronously load lazily loaded font '../../../Engine/Content/Slate/Fonts/Roboto-Light.ttf' (167K)
[2020.04.18-13.35.48:850][543]LogAssetEditorSubsystem: Opening Asset editor for Blueprint /Game/NewAI/SpawnEnemies.SpawnEnemies
[2020.04.18-13.35.49:032][543]LogContentBrowser: Native class hierarchy updated for 'BlueprintGraph' in 0.0004 seconds. Added 121 classes and 0 folders.
[2020.04.18-13.35.49:709][543]LogAssetEditorSubsystem: Opening Asset editor for BehaviorTree /Game/NewAI/BT_Runner.BT_Runner
[2020.04.18-13.35.53:106][625]LogSlate: Took 0.000131 seconds to synchronously load lazily loaded font '../../../Engine/Content/Slate/Fonts/Roboto-BoldCondensed.ttf' (158K)
[2020.04.18-13.35.53:147][626]LogSlate: Took 0.000197 seconds to synchronously load lazily loaded font '../../../Engine/Content/Slate/Fonts/Roboto-Italic.ttf' (157K)
[2020.04.18-13.36.08:631][316]BlueprintLog: New page: Compile SpawnEnemies
[2020.04.18-13.36.08:817][316]LogUObjectHash: Compacting FUObjectHashTables data took   2.99ms
[2020.04.18-13.36.08:853][316]Cmd: OBJ SAVEPACKAGE PACKAGE="/Game/NewAI/SpawnEnemies" FILE="../../../../../../Users/Letholor/Documents/Unreal Projects/Mob_Mentality/Content/NewAI/SpawnEnemies.uasset" SILENT=true
[2020.04.18-13.36.08:881][316]LogSavePackage: Moving '../../../../../../Users/Letholor/Documents/Unreal Projects/Mob_Mentality/Saved/SpawnEnemiesFBF848DC44B601D89EE4E0952FC1A2D6.tmp' to '../../../../../../Users/Letholor/Documents/Unreal Projects/Mob_Mentality/Content/NewAI/SpawnEnemies.uasset'
[2020.04.18-13.36.08:897][316]AssetCheck: New page: Asset Save: SpawnEnemies
[2020.04.18-13.36.08:897][316]LogContentValidation: Display: Validating Blueprint /Game/NewAI/SpawnEnemies.SpawnEnemies
[2020.04.18-13.36.09:185][343]Cmd: OBJ SAVEPACKAGE PACKAGE="/Game/NewAI/SpawnEnemies" FILE="../../../../../../Users/Letholor/Documents/Unreal Projects/Mob_Mentality/Content/NewAI/SpawnEnemies.uasset" SILENT=true
[2020.04.18-13.36.09:203][343]LogSavePackage: Moving '../../../../../../Users/Letholor/Documents/Unreal Projects/Mob_Mentality/Saved/SpawnEnemies8A2CBB8341EE39A2E8BA1F9043593C7C.tmp' to '../../../../../../Users/Letholor/Documents/Unreal Projects/Mob_Mentality/Content/NewAI/SpawnEnemies.uasset'
[2020.04.18-13.36.09:214][343]AssetCheck: New page: Asset Save: SpawnEnemies
[2020.04.18-13.36.09:214][343]LogContentValidation: Display: Validating Blueprint /Game/NewAI/SpawnEnemies.SpawnEnemies
[2020.04.18-13.36.11:273][579]LogTemp: Repeating last play command: New Editor Window (PIE)
[2020.04.18-13.36.11:289][579]LogBlueprintUserMessages: Early PlayInEditor Detection: Level '/Game/ThirdPersonBP/Maps/ThirdPersonExampleMap.ThirdPersonExampleMap:PersistentLevel' has LevelScriptBlueprint '/Game/ThirdPersonBP/Maps/ThirdPersonExampleMap.ThirdPersonExampleMap:PersistentLevel.ThirdPersonExampleMap' with GeneratedClass '/Game/ThirdPersonBP/Maps/ThirdPersonExampleMap.ThirdPersonExampleMap_C' with ClassGeneratedBy '/Game/ThirdPersonBP/Maps/ThirdPersonExampleMap.ThirdPersonExampleMap:PersistentLevel.ThirdPersonExampleMap'
[2020.04.18-13.36.11:291][579]LogPlayLevel: PlayLevel: No blueprints needed recompiling
[2020.04.18-13.36.11:291][579]PIE: New page: PIE session: ThirdPersonExampleMap (Apr 18, 2020, 5:36:11 AM)
[2020.04.18-13.36.11:292][579]LogOnline: OSS: Creating online subsystem instance for: NULL
[2020.04.18-13.36.11:293][579]LogOnline: OSS: TryLoadSubsystemAndSetDefault: Loaded subsystem for module [NULL]
[2020.04.18-13.36.11:293][579]LogPlayLevel: Creating play world package: /Game/ThirdPersonBP/Maps/UEDPIE_0_ThirdPersonExampleMap
[2020.04.18-13.36.11:307][579]LogPlayLevel: PIE: StaticDuplicateObject took: (0.013986s)
[2020.04.18-13.36.11:308][579]LogAIModule: Creating AISystem for world ThirdPersonExampleMap
[2020.04.18-13.36.11:308][579]LogPlayLevel: PIE: World Init took: (0.000873s)
[2020.04.18-13.36.11:308][579]LogPlayLevel: PIE: Created PIE world by copying editor world from /Game/ThirdPersonBP/Maps/ThirdPersonExampleMap.ThirdPersonExampleMap to /Game/ThirdPersonBP/Maps/UEDPIE_0_ThirdPersonExampleMap.ThirdPersonExampleMap (0.015063s)
[2020.04.18-13.36.11:339][579]LogUObjectHash: Compacting FUObjectHashTables data took   2.74ms
[2020.04.18-13.36.11:339][579]LogAudioMixer: Display: Audio Mixer Platform Settings:
[2020.04.18-13.36.11:339][579]LogAudioMixer: Display: 	Sample Rate:						  48000
[2020.04.18-13.36.11:339][579]LogAudioMixer: Display: 	Callback Buffer Frame Size Requested: 1024
[2020.04.18-13.36.11:339][579]LogAudioMixer: Display: 	Callback Buffer Frame Size To Use:	  1024
[2020.04.18-13.36.11:339][579]LogAudioMixer: Display: 	Number of buffers to queue:			  2
[2020.04.18-13.36.11:339][579]LogAudioMixer: Display: 	Max Channels (voices):				  32
[2020.04.18-13.36.11:339][579]LogAudioMixer: Display: 	Number of Async Source Workers:		  0
[2020.04.18-13.36.11:339][579]LogAudio: Display: AudioDevice MaxSources: 32
[2020.04.18-13.36.11:340][579]LogAudio: Display: Using built-in audio occlusion.
[2020.04.18-13.36.11:340][579]LogAudioMixer: Display: Initializing audio mixer.
[2020.04.18-13.36.11:377][579]LogAudioMixer: Display: Audio Device Output Speaker Info:
[2020.04.18-13.36.11:377][579]LogAudioMixer: Display: Name: Speakers (2- Realtek High Definition Audio)
[2020.04.18-13.36.11:377][579]LogAudioMixer: Display: Is Default: Yes
[2020.04.18-13.36.11:377][579]LogAudioMixer: Display: Sample Rate: 48000
[2020.04.18-13.36.11:377][579]LogAudioMixer: Display: Channel Count Used: 2
[2020.04.18-13.36.11:377][579]LogAudioMixer: Display: Device Channel Count: 2
[2020.04.18-13.36.11:377][579]LogAudioMixer: Display: Channel Order:
[2020.04.18-13.36.11:377][579]LogAudioMixer: Display: 0: FrontLeft
[2020.04.18-13.36.11:377][579]LogAudioMixer: Display: 1: FrontRight
[2020.04.18-13.36.11:391][579]LogAudioMixer: Display: Using Audio Device Speakers (2- Realtek High Definition Audio)
[2020.04.18-13.36.11:393][579]LogInit: FAudioDevice initialized.
[2020.04.18-13.36.11:452][579]LogSlate: Updating window title bar state: overlay mode, drag disabled, window buttons hidden, title bar hidden
[2020.04.18-13.36.11:459][579]LogLoad: Game class is 'ThirdPersonGameMode_C'
[2020.04.18-13.36.11:462][579]LogWorld: Bringing World /Game/ThirdPersonBP/Maps/UEDPIE_0_ThirdPersonExampleMap.ThirdPersonExampleMap up for play (max tick rate 0) at 2020.04.18-09.36.11
[2020.04.18-13.36.11:463][579]LogWorld: Bringing up level for play took: 0.003563
[2020.04.18-13.36.11:464][579]LogOnline: OSS: Creating online subsystem instance for: :Context_3
[2020.04.18-13.36.11:469][579]LogContentBrowser: Native class hierarchy updated for 'MovieSceneCapture' in 0.0002 seconds. Added 20 classes and 0 folders.
[2020.04.18-13.36.11:474][579]PIE: Play in editor start time for /Game/ThirdPersonBP/Maps/UEDPIE_0_ThirdPersonExampleMap 0.541
[2020.04.18-13.36.11:474][579]LogBlueprintUserMessages: Late PlayInEditor Detection: Level '/Game/ThirdPersonBP/Maps/ThirdPersonExampleMap.ThirdPersonExampleMap:PersistentLevel' has LevelScriptBlueprint '/Game/ThirdPersonBP/Maps/ThirdPersonExampleMap.ThirdPersonExampleMap:PersistentLevel.ThirdPersonExampleMap' with GeneratedClass '/Game/ThirdPersonBP/Maps/ThirdPersonExampleMap.ThirdPersonExampleMap_C' with ClassGeneratedBy '/Game/ThirdPersonBP/Maps/ThirdPersonExampleMap.ThirdPersonExampleMap:PersistentLevel.ThirdPersonExampleMap'
[2020.04.18-13.36.11:475][579]LogBlueprintUserMessages: [CountNearbyEnemies_C_5] AI_Body26: 0
[2020.04.18-13.36.11:475][579]LogBlueprintUserMessages: [CountNearbyEnemies_C_5] AI_Body27: 0
[2020.04.18-13.36.11:475][579]LogBlueprintUserMessages: [CountNearbyEnemies_C_5] AI_Body28: 0
[2020.04.18-13.36.11:475][579]LogBlueprintUserMessages: [CountNearbyEnemies_C_5] AI_Body29: 0
[2020.04.18-13.36.11:525][580]LogRenderer: Reallocating scene render targets to support 1280x720 Format 10 NumSamples 1 (Frame:1).
[2020.04.18-13.36.16:653][150]LogBlueprintUserMessages: [CountNearbyEnemies_C_5] AI_RunnerBody: 0
[2020.04.18-13.36.16:670][152]LogBlueprintUserMessages: [CountNearbyEnemies_C_5] AI_Body28: 0
[2020.04.18-13.36.16:762][163]LogBlueprintUserMessages: [CountNearbyEnemies_C_5] AI_RunnerBody1: 0
[2020.04.18-13.36.16:779][165]LogBlueprintUserMessages: [CountNearbyEnemies_C_5] AI_Body29: 0
[2020.04.18-13.36.17:441][244]LogBlueprintUserMessages: [CountNearbyEnemies_C_5] AI_RunnerBody2: 0
[2020.04.18-13.36.17:458][246]LogBlueprintUserMessages: [CountNearbyEnemies_C_5] AI_Body27: 2
[2020.04.18-13.36.18:732][387]LogBlueprintUserMessages: [CountNearbyEnemies_C_5] AI_RunnerBody3: 0
[2020.04.18-13.36.18:752][389]LogBlueprintUserMessages: [CountNearbyEnemies_C_5] AI_Body26: 0
[2020.04.18-13.36.20:009][533]LogAudioMixer: Display: No commands were queued while flushing the source manager.
[2020.04.18-13.36.20:009][533]LogAudioMixer: Display: No commands were queued while flushing the source manager.
[2020.04.18-13.36.20:009][533]LogBlueprintUserMessages: Early EndPlayMap Detection: Level '/Game/ThirdPersonBP/Maps/ThirdPersonExampleMap.ThirdPersonExampleMap:PersistentLevel' has LevelScriptBlueprint '/Game/ThirdPersonBP/Maps/ThirdPersonExampleMap.ThirdPersonExampleMap:PersistentLevel.ThirdPersonExampleMap' with GeneratedClass '/Game/ThirdPersonBP/Maps/ThirdPersonExampleMap.ThirdPersonExampleMap_C' with ClassGeneratedBy '/Game/ThirdPersonBP/Maps/ThirdPersonExampleMap.ThirdPersonExampleMap:PersistentLevel.ThirdPersonExampleMap'
[2020.04.18-13.36.20:011][533]LogSlate: Updating window title bar state: overlay mode, drag disabled, window buttons hidden, title bar hidden
[2020.04.18-13.36.20:011][533]LogWorld: BeginTearingDown for /Game/ThirdPersonBP/Maps/UEDPIE_0_ThirdPersonExampleMap
[2020.04.18-13.36.20:024][533]LogSlate: Window 'Mob_Mentality Game Preview Standalone (64-bit/PCD3D_SM5)' being destroyed
[2020.04.18-13.36.20:029][533]LogAudioMixer: Display: No commands were queued while flushing the source manager.
[2020.04.18-13.36.20:029][533]LogWorld: UWorld::CleanupWorld for ThirdPersonExampleMap, bSessionEnded=true, bCleanupResources=true
[2020.04.18-13.36.20:030][533]LogSlate: InvalidateAllWidgets triggered.  All widgets were invalidated
[2020.04.18-13.36.20:036][533]LogPlayLevel: Display: Shutting down PIE online subsystems
[2020.04.18-13.36.20:036][533]LogBlueprintUserMessages: Late EndPlayMap Detection: Level '/Game/ThirdPersonBP/Maps/ThirdPersonExampleMap.ThirdPersonExampleMap:PersistentLevel' has LevelScriptBlueprint '/Game/ThirdPersonBP/Maps/ThirdPersonExampleMap.ThirdPersonExampleMap:PersistentLevel.ThirdPersonExampleMap' with GeneratedClass '/Game/ThirdPersonBP/Maps/ThirdPersonExampleMap.ThirdPersonExampleMap_C' with ClassGeneratedBy '/Game/ThirdPersonBP/Maps/ThirdPersonExampleMap.ThirdPersonExampleMap:PersistentLevel.ThirdPersonExampleMap'
[2020.04.18-13.36.20:041][533]LogSlate: InvalidateAllWidgets triggered.  All widgets were invalidated
[2020.04.18-13.36.20:075][533]LogAudioMixer: Display: No commands were queued while flushing the source manager.
[2020.04.18-13.36.20:094][533]LogUObjectHash: Compacting FUObjectHashTables data took   3.59ms
[2020.04.18-13.36.20:108][534]LogPlayLevel: Display: Destroying online subsystem :Context_3
[2020.04.18-13.36.53:184][786]Cmd: OBJ SAVEPACKAGE PACKAGE="/Game/NewAI/BT_Runner" FILE="../../../../../../Users/Letholor/Documents/Unreal Projects/Mob_Mentality/Content/NewAI/BT_Runner.uasset" SILENT=true
[2020.04.18-13.36.53:203][786]LogSavePackage: Moving '../../../../../../Users/Letholor/Documents/Unreal Projects/Mob_Mentality/Saved/BT_RunnerA8C8732B4E3062E18912D3A9353D854B.tmp' to '../../../../../../Users/Letholor/Documents/Unreal Projects/Mob_Mentality/Content/NewAI/BT_Runner.uasset'
[2020.04.18-13.36.53:221][786]AssetCheck: New page: Asset Save: BT_Runner
[2020.04.18-13.36.53:221][786]LogContentValidation: Display: Validating BehaviorTree /Game/NewAI/BT_Runner.BT_Runner
[2020.04.18-13.45.52:617][872]LogUObjectHash: Compacting FUObjectHashTables data took   3.03ms
[2020.04.18-13.45.52:620][872]LogFileHelpers: Editor autosave (incl. sublevels) for '/Game/ThirdPersonBP/Maps/ThirdPersonExampleMap' took 0.042
[2020.04.18-13.45.52:621][872]OBJ SavePackage: Generating thumbnails for [0] asset(s) in package [/Game/NewAI/BT_Runner] ([1] browsable assets)...
[2020.04.18-13.45.52:621][872]OBJ SavePackage: Finished generating thumbnails for package [/Game/NewAI/BT_Runner]
[2020.04.18-13.45.52:641][872]LogSavePackage: Moving '../../../../../../Users/Letholor/Documents/Unreal Projects/Mob_Mentality/Saved/BT_Runner_Auto1000326BF4D572F28283CA4871842E264.tmp' to '../../../../../../Users/Letholor/Documents/Unreal Projects/Mob_Mentality/Saved/Autosaves/Game/NewAI/BT_Runner_Auto1.uasset'
[2020.04.18-13.45.52:642][872]LogFileHelpers: Auto-saving content packages took 0.021
[2020.04.18-14.13.35:299][829]LogUdpMessaging: Warning: UDP messaging encountered an error. Auto repair routine started for reinitialization
[2020.04.18-14.17.00:211][439]LogHttp: Warning: 0000017D13EE7D80: invalid HTTP response code received. URL: https://datarouter.ol.epicgames.com/datarouter/api/v1/public/data?SessionID=%7B6014AA9C-4C99-1180-C1AF-E2B51073EBF7%7D&AppID=UEEditor.Rocket.Release&AppVersion=4.24.3-11590370%2B%2B%2BUE4%2BRelease-4.24&UserID=ead725af4be675fa6c8b75b3165a08fd%7C5653bff0605c482a87d0141a078df3b3%7C5adad80c-d044-44e8-906e-cc7defe4beb0&AppEnvironment=datacollector-binary&UploadType=eteventstream, HTTP code: 0, content length: 0, actual payload size: 0
[2020.04.18-14.17.00:211][439]LogHttp: Warning: 0000017D13EE7D80: request failed, libcurl error: 56 (Failure when receiving data from the peer)
[2020.04.18-14.17.00:211][439]LogHttp: Warning: 0000017D13EE7D80: libcurl info message cache 0 (Found bundle for host datarouter.ol.epicgames.com: 0x17d33487f70 [can pipeline])
[2020.04.18-14.17.00:211][439]LogHttp: Warning: 0000017D13EE7D80: libcurl info message cache 1 (Re-using existing connection! (#10) with host datarouter.ol.epicgames.com)
[2020.04.18-14.17.00:212][439]LogHttp: Warning: 0000017D13EE7D80: libcurl info message cache 2 (Connected to datarouter.ol.epicgames.com (34.232.40.138) port 443 (#10))
[2020.04.18-14.17.00:212][439]LogHttp: Warning: 0000017D13EE7D80: libcurl info message cache 3 (We are completely uploaded and fine)
[2020.04.18-14.17.00:212][439]LogHttp: Warning: 0000017D13EE7D80: libcurl info message cache 4 (OpenSSL SSL_read: SSL_ERROR_SYSCALL, errno 10054)
[2020.04.18-14.17.00:212][439]LogHttp: Warning: 0000017D13EE7D80: libcurl info message cache 5 (Connection died, retrying a fresh connect)
[2020.04.18-14.17.00:212][439]LogHttp: Warning: 0000017D13EE7D80: libcurl info message cache 6 (necessary data rewind wasn't possible)
[2020.04.18-14.17.00:212][439]LogHttp: Warning: 0000017D13EE7D80: libcurl info message cache 7 (Closing connection 10)
[2020.04.18-14.17.00:544][440]LogHttp: Warning: Retry exhausted on https://datarouter.ol.epicgames.com/datarouter/api/v1/public/data?SessionID=%7B6014AA9C-4C99-1180-C1AF-E2B51073EBF7%7D&AppID=UEEditor.Rocket.Release&AppVersion=4.24.3-11590370%2B%2B%2BUE4%2BRelease-4.24&UserID=ead725af4be675fa6c8b75b3165a08fd%7C5653bff0605c482a87d0141a078df3b3%7C5adad80c-d044-44e8-906e-cc7defe4beb0&AppEnvironment=datacollector-binary&UploadType=eteventstream
